{"contracts/helloworld.sol":{"l":{"9":1,"20":1,"25":1,"26":1},"path":"/home/rosh/workspace/eth-demo/solidity-ci/contracts/helloworld.sol","s":{"1":1,"2":1,"3":1},"b":{},"f":{"1":1,"2":1,"3":1},"fnMap":{"1":{"name":null,"line":8,"loc":{"start":{"line":8,"column":4},"end":{"line":8,"column":23}}},"2":{"name":null,"line":19,"loc":{"start":{"line":19,"column":4},"end":{"line":19,"column":23}}},"3":{"name":"greet","line":24,"loc":{"start":{"line":24,"column":4},"end":{"line":24,"column":42}}}},"statementMap":{"1":{"start":{"line":9,"column":8},"end":{"line":9,"column":25}},"2":{"start":{"line":20,"column":8},"end":{"line":20,"column":31}},"3":{"start":{"line":26,"column":8},"end":{"line":26,"column":23}}},"branchMap":{}}}