{"contracts/BurnableToken.sol":{"l":{"18":0,"27":0,"35":0,"36":0},"path":"/home/rosh/workspace/eth-demo/solidity-ci/contracts/BurnableToken.sol","s":{"1":0,"2":0,"3":0},"b":{},"f":{"1":0,"2":0,"3":0},"fnMap":{"1":{"name":"burn","line":17,"loc":{"start":{"line":17,"column":2},"end":{"line":17,"column":38}}},"2":{"name":"burnFrom","line":26,"loc":{"start":{"line":26,"column":2},"end":{"line":26,"column":57}}},"3":{"name":"_burn","line":34,"loc":{"start":{"line":34,"column":2},"end":{"line":34,"column":55}}}},"statementMap":{"1":{"start":{"line":18,"column":4},"end":{"line":18,"column":28}},"2":{"start":{"line":27,"column":4},"end":{"line":27,"column":27}},"3":{"start":{"line":36,"column":4},"end":{"line":36,"column":27}}},"branchMap":{}},"contracts/ERC20.sol":{"l":{},"path":"/home/rosh/workspace/eth-demo/solidity-ci/contracts/ERC20.sol","s":{},"b":{},"f":{},"fnMap":{},"statementMap":{},"branchMap":{}},"contracts/NewToken.sol":{"l":{"13":1},"path":"/home/rosh/workspace/eth-demo/solidity-ci/contracts/NewToken.sol","s":{"1":1},"b":{},"f":{"1":1},"fnMap":{"1":{"name":null,"line":12,"loc":{"start":{"line":12,"column":4},"end":{"line":12,"column":22}}}},"statementMap":{"1":{"start":{"line":13,"column":8},"end":{"line":13,"column":53}}},"branchMap":{}},"contracts/SafeMath.sol":{"l":{"17":0,"18":0,"21":0,"22":0,"24":0,"31":0,"32":0,"35":0,"42":0,"43":0,"45":0,"52":2,"53":2,"55":2,"63":0,"64":0},"path":"/home/rosh/workspace/eth-demo/solidity-ci/contracts/SafeMath.sol","s":{"1":0,"2":0,"3":0,"4":0,"5":0,"6":0,"7":0,"8":0,"9":0,"10":0,"11":0,"12":2,"13":2,"14":2,"15":0,"16":0},"b":{"1":[0,0],"2":[0,0],"3":[0,0],"4":[0,0],"5":[2,0],"6":[0,0]},"f":{"1":0,"2":0,"3":0,"4":2,"5":0},"fnMap":{"1":{"name":"mul","line":13,"loc":{"start":{"line":13,"column":2},"end":{"line":13,"column":70}}},"2":{"name":"div","line":30,"loc":{"start":{"line":30,"column":2},"end":{"line":30,"column":70}}},"3":{"name":"sub","line":41,"loc":{"start":{"line":41,"column":2},"end":{"line":41,"column":70}}},"4":{"name":"add","line":51,"loc":{"start":{"line":51,"column":2},"end":{"line":51,"column":70}}},"5":{"name":"mod","line":62,"loc":{"start":{"line":62,"column":2},"end":{"line":62,"column":68}}}},"statementMap":{"1":{"start":{"line":17,"column":4},"end":{"line":17,"column":490}},"2":{"start":{"line":18,"column":6},"end":{"line":18,"column":14}},"3":{"start":{"line":21,"column":4},"end":{"line":21,"column":22}},"4":{"start":{"line":22,"column":4},"end":{"line":22,"column":24}},"5":{"start":{"line":24,"column":4},"end":{"line":24,"column":12}},"6":{"start":{"line":31,"column":4},"end":{"line":31,"column":18}},"7":{"start":{"line":32,"column":4},"end":{"line":32,"column":22}},"8":{"start":{"line":35,"column":4},"end":{"line":35,"column":12}},"9":{"start":{"line":42,"column":4},"end":{"line":42,"column":20}},"10":{"start":{"line":43,"column":4},"end":{"line":43,"column":22}},"11":{"start":{"line":45,"column":4},"end":{"line":45,"column":12}},"12":{"start":{"line":52,"column":4},"end":{"line":52,"column":22}},"13":{"start":{"line":53,"column":4},"end":{"line":53,"column":19}},"14":{"start":{"line":55,"column":4},"end":{"line":55,"column":12}},"15":{"start":{"line":63,"column":4},"end":{"line":63,"column":18}},"16":{"start":{"line":64,"column":4},"end":{"line":64,"column":16}}},"branchMap":{"1":{"line":17,"type":"if","locations":[{"start":{"line":17,"column":4},"end":{"line":17,"column":4}},{"start":{"line":17,"column":4},"end":{"line":17,"column":4}}]},"2":{"line":22,"type":"if","locations":[{"start":{"line":22,"column":4},"end":{"line":22,"column":4}},{"start":{"line":22,"column":4},"end":{"line":22,"column":4}}]},"3":{"line":31,"type":"if","locations":[{"start":{"line":31,"column":4},"end":{"line":31,"column":4}},{"start":{"line":31,"column":4},"end":{"line":31,"column":4}}]},"4":{"line":42,"type":"if","locations":[{"start":{"line":42,"column":4},"end":{"line":42,"column":4}},{"start":{"line":42,"column":4},"end":{"line":42,"column":4}}]},"5":{"line":53,"type":"if","locations":[{"start":{"line":53,"column":4},"end":{"line":53,"column":4}},{"start":{"line":53,"column":4},"end":{"line":53,"column":4}}]},"6":{"line":63,"type":"if","locations":[{"start":{"line":63,"column":4},"end":{"line":63,"column":4}},{"start":{"line":63,"column":4},"end":{"line":63,"column":4}}]}}},"contracts/StandardToken.sol":{"l":{"27":0,"36":1,"53":0,"62":0,"63":0,"65":0,"66":0,"67":0,"68":0,"81":0,"82":0,"83":0,"100":0,"101":0,"102":0,"104":0,"105":0,"106":0,"107":0,"108":0,"127":0,"129":0,"130":0,"149":0,"150":0,"151":0,"153":0,"155":0,"156":0,"167":1,"168":1,"169":1,"170":1,"180":0,"181":0,"183":0,"184":0,"185":0,"196":0,"200":0,"201":0},"path":"/home/rosh/workspace/eth-demo/solidity-ci/contracts/StandardToken.sol","s":{"1":0,"2":1,"3":0,"4":0,"5":0,"6":0,"7":0,"8":0,"9":0,"10":0,"11":0,"12":0,"13":0,"14":0,"15":0,"16":0,"17":0,"18":0,"19":0,"20":0,"21":0,"22":0,"23":0,"24":0,"25":0,"26":0,"27":0,"28":0,"29":0,"30":1,"31":1,"32":1,"33":1,"34":0,"35":0,"36":0,"37":0,"38":0,"39":0,"40":0,"41":0},"b":{"1":[0,0],"2":[0,0],"3":[0,0],"4":[0,0],"5":[0,0],"6":[0,0],"7":[1,0],"8":[0,0],"9":[0,0],"10":[0,0]},"f":{"1":0,"2":1,"3":0,"4":0,"5":0,"6":0,"7":0,"8":0,"9":1,"10":0,"11":0},"fnMap":{"1":{"name":"totalSupply","line":26,"loc":{"start":{"line":26,"column":4},"end":{"line":26,"column":54}}},"2":{"name":"balanceOf","line":35,"loc":{"start":{"line":35,"column":4},"end":{"line":35,"column":66}}},"3":{"name":"allowance","line":45,"loc":{"start":{"line":45,"column":4},"end":{"line":52,"column":5}}},"4":{"name":"transfer","line":61,"loc":{"start":{"line":61,"column":4},"end":{"line":61,"column":70}}},"5":{"name":"approve","line":80,"loc":{"start":{"line":80,"column":2},"end":{"line":80,"column":74}}},"6":{"name":"transferFrom","line":92,"loc":{"start":{"line":92,"column":2},"end":{"line":99,"column":3}}},"7":{"name":"increaseApproval","line":120,"loc":{"start":{"line":120,"column":2},"end":{"line":126,"column":3}}},"8":{"name":"decreaseApproval","line":142,"loc":{"start":{"line":142,"column":2},"end":{"line":148,"column":3}}},"9":{"name":"_mint","line":166,"loc":{"start":{"line":166,"column":2},"end":{"line":166,"column":60}}},"10":{"name":"_burn","line":179,"loc":{"start":{"line":179,"column":2},"end":{"line":179,"column":60}}},"11":{"name":"_burnFrom","line":195,"loc":{"start":{"line":195,"column":2},"end":{"line":195,"column":64}}}},"statementMap":{"1":{"start":{"line":27,"column":8},"end":{"line":27,"column":27}},"2":{"start":{"line":36,"column":8},"end":{"line":36,"column":31}},"3":{"start":{"line":53,"column":8},"end":{"line":53,"column":40}},"4":{"start":{"line":62,"column":8},"end":{"line":62,"column":46}},"5":{"start":{"line":63,"column":8},"end":{"line":63,"column":33}},"6":{"start":{"line":65,"column":8},"end":{"line":65,"column":62}},"7":{"start":{"line":66,"column":8},"end":{"line":66,"column":48}},"8":{"start":{"line":67,"column":8},"end":{"line":67,"column":46}},"9":{"start":{"line":68,"column":8},"end":{"line":68,"column":19}},"10":{"start":{"line":81,"column":4},"end":{"line":81,"column":41}},"11":{"start":{"line":82,"column":4},"end":{"line":82,"column":47}},"12":{"start":{"line":83,"column":4},"end":{"line":83,"column":15}},"13":{"start":{"line":100,"column":4},"end":{"line":100,"column":37}},"14":{"start":{"line":101,"column":4},"end":{"line":101,"column":48}},"15":{"start":{"line":102,"column":4},"end":{"line":102,"column":29}},"16":{"start":{"line":104,"column":4},"end":{"line":104,"column":48}},"17":{"start":{"line":105,"column":4},"end":{"line":105,"column":44}},"18":{"start":{"line":106,"column":4},"end":{"line":106,"column":70}},"19":{"start":{"line":107,"column":4},"end":{"line":107,"column":37}},"20":{"start":{"line":108,"column":4},"end":{"line":108,"column":15}},"21":{"start":{"line":127,"column":4},"end":{"line":127,"column":4205}},"22":{"start":{"line":129,"column":4},"end":{"line":129,"column":70}},"23":{"start":{"line":130,"column":4},"end":{"line":130,"column":15}},"24":{"start":{"line":149,"column":4},"end":{"line":149,"column":51}},"25":{"start":{"line":150,"column":4},"end":{"line":150,"column":4969}},"26":{"start":{"line":151,"column":6},"end":{"line":151,"column":38}},"27":{"start":{"line":153,"column":6},"end":{"line":153,"column":67}},"28":{"start":{"line":155,"column":4},"end":{"line":155,"column":70}},"29":{"start":{"line":156,"column":4},"end":{"line":156,"column":15}},"30":{"start":{"line":167,"column":4},"end":{"line":167,"column":25}},"31":{"start":{"line":168,"column":4},"end":{"line":168,"column":43}},"32":{"start":{"line":169,"column":4},"end":{"line":169,"column":55}},"33":{"start":{"line":170,"column":4},"end":{"line":170,"column":48}},"34":{"start":{"line":180,"column":4},"end":{"line":180,"column":25}},"35":{"start":{"line":181,"column":4},"end":{"line":181,"column":41}},"36":{"start":{"line":183,"column":4},"end":{"line":183,"column":43}},"37":{"start":{"line":184,"column":4},"end":{"line":184,"column":55}},"38":{"start":{"line":185,"column":4},"end":{"line":185,"column":48}},"39":{"start":{"line":196,"column":4},"end":{"line":196,"column":52}},"40":{"start":{"line":200,"column":4},"end":{"line":200,"column":77}},"41":{"start":{"line":201,"column":4},"end":{"line":201,"column":27}}},"branchMap":{"1":{"line":62,"type":"if","locations":[{"start":{"line":62,"column":8},"end":{"line":62,"column":8}},{"start":{"line":62,"column":8},"end":{"line":62,"column":8}}]},"2":{"line":63,"type":"if","locations":[{"start":{"line":63,"column":8},"end":{"line":63,"column":8}},{"start":{"line":63,"column":8},"end":{"line":63,"column":8}}]},"3":{"line":100,"type":"if","locations":[{"start":{"line":100,"column":4},"end":{"line":100,"column":4}},{"start":{"line":100,"column":4},"end":{"line":100,"column":4}}]},"4":{"line":101,"type":"if","locations":[{"start":{"line":101,"column":4},"end":{"line":101,"column":4}},{"start":{"line":101,"column":4},"end":{"line":101,"column":4}}]},"5":{"line":102,"type":"if","locations":[{"start":{"line":102,"column":4},"end":{"line":102,"column":4}},{"start":{"line":102,"column":4},"end":{"line":102,"column":4}}]},"6":{"line":150,"type":"if","locations":[{"start":{"line":150,"column":4},"end":{"line":150,"column":4}},{"start":{"line":150,"column":4},"end":{"line":150,"column":4}}]},"7":{"line":167,"type":"if","locations":[{"start":{"line":167,"column":4},"end":{"line":167,"column":4}},{"start":{"line":167,"column":4},"end":{"line":167,"column":4}}]},"8":{"line":180,"type":"if","locations":[{"start":{"line":180,"column":4},"end":{"line":180,"column":4}},{"start":{"line":180,"column":4},"end":{"line":180,"column":4}}]},"9":{"line":181,"type":"if","locations":[{"start":{"line":181,"column":4},"end":{"line":181,"column":4}},{"start":{"line":181,"column":4},"end":{"line":181,"column":4}}]},"10":{"line":196,"type":"if","locations":[{"start":{"line":196,"column":4},"end":{"line":196,"column":4}},{"start":{"line":196,"column":4},"end":{"line":196,"column":4}}]}}}}