TN:
SF:/home/sumit101/workspace/solidity/git-solidity-repo/solidity-ci/contracts/BurnableToken.sol
FN:18,burn
FN:27,burnFrom
FN:35,_burn
FNF:3
FNH:0
FNDA:0,burn
FNDA:0,burnFrom
FNDA:0,_burn
DA:19,0
DA:28,0
DA:36,0
DA:37,0
LF:4
LH:0
BRF:0
BRH:0
end_of_record
TN:
SF:/home/sumit101/workspace/solidity/git-solidity-repo/solidity-ci/contracts/ERC20.sol
FNF:0
FNH:0
LF:0
LH:0
BRF:0
BRH:0
end_of_record
TN:
SF:/home/sumit101/workspace/solidity/git-solidity-repo/solidity-ci/contracts/helloworld.sol
FN:8,
FN:19,
FN:24,greet
FNF:3
FNH:0
FNDA:0,
FNDA:0,
FNDA:0,greet
DA:9,0
DA:20,0
DA:25,0
DA:26,0
LF:4
LH:0
BRF:0
BRH:0
end_of_record
TN:
SF:/home/sumit101/workspace/solidity/git-solidity-repo/solidity-ci/contracts/MyERC20.sol
FN:12,
FNF:1
FNH:1
FNDA:2,
DA:13,2
DA:14,2
LF:2
LH:2
BRF:0
BRH:0
end_of_record
TN:
SF:/home/sumit101/workspace/solidity/git-solidity-repo/solidity-ci/contracts/SafeMath.sol
FN:13,mul
FN:30,div
FN:41,sub
FN:51,add
FN:62,mod
FNF:5
FNH:1
FNDA:0,mul
FNDA:0,div
FNDA:0,sub
FNDA:4,add
FNDA:0,mod
DA:17,0
DA:18,0
DA:21,0
DA:22,0
DA:24,0
DA:31,0
DA:32,0
DA:35,0
DA:42,0
DA:43,0
DA:45,0
DA:52,4
DA:53,4
DA:55,4
DA:63,0
DA:64,0
LF:16
LH:3
BRDA:17,1,0,0
BRDA:17,1,1,0
BRDA:22,2,0,0
BRDA:22,2,1,0
BRDA:31,3,0,0
BRDA:31,3,1,0
BRDA:42,4,0,0
BRDA:42,4,1,0
BRDA:53,5,0,4
BRDA:53,5,1,0
BRDA:63,6,0,0
BRDA:63,6,1,0
BRF:12
BRH:1
end_of_record
TN:
SF:/home/sumit101/workspace/solidity/git-solidity-repo/solidity-ci/contracts/StandardToken.sol
FN:26,totalSupply
FN:35,balanceOf
FN:45,allowance
FN:61,transfer
FN:80,approve
FN:92,transferFrom
FN:120,increaseApproval
FN:142,decreaseApproval
FN:166,_mint
FN:179,_burn
FN:195,_burnFrom
FNF:11
FNH:2
FNDA:0,totalSupply
FNDA:1,balanceOf
FNDA:0,allowance
FNDA:0,transfer
FNDA:0,approve
FNDA:0,transferFrom
FNDA:0,increaseApproval
FNDA:0,decreaseApproval
FNDA:2,_mint
FNDA:0,_burn
FNDA:0,_burnFrom
DA:27,0
DA:36,1
DA:53,0
DA:62,0
DA:63,0
DA:65,0
DA:66,0
DA:67,0
DA:68,0
DA:81,0
DA:82,0
DA:83,0
DA:100,0
DA:101,0
DA:102,0
DA:104,0
DA:105,0
DA:106,0
DA:107,0
DA:108,0
DA:127,0
DA:129,0
DA:130,0
DA:149,0
DA:150,0
DA:151,0
DA:153,0
DA:155,0
DA:156,0
DA:167,2
DA:168,2
DA:169,2
DA:170,2
DA:180,0
DA:181,0
DA:183,0
DA:184,0
DA:185,0
DA:196,0
DA:200,0
DA:201,0
LF:41
LH:5
BRDA:62,1,0,0
BRDA:62,1,1,0
BRDA:63,2,0,0
BRDA:63,2,1,0
BRDA:100,3,0,0
BRDA:100,3,1,0
BRDA:101,4,0,0
BRDA:101,4,1,0
BRDA:102,5,0,0
BRDA:102,5,1,0
BRDA:150,6,0,0
BRDA:150,6,1,0
BRDA:167,7,0,2
BRDA:167,7,1,0
BRDA:180,8,0,0
BRDA:180,8,1,0
BRDA:181,9,0,0
BRDA:181,9,1,0
BRDA:196,10,0,0
BRDA:196,10,1,0
BRF:20
BRH:1
end_of_record
